<?xml version="1.0" encoding="UTF-8"?>
<!-- Generated by org.testng.reporters.JUnitXMLReporter -->
<testsuite ignored="0" hostname="AshokMeiyanatha" failures="0" tests="3" name="Submit Order Test" time="53.856" errors="0" timestamp="27 Apr 2025 06:45:23 GMT">
  <testcase classname="ashok.selenium.practice.SeleniumFrameworkDesign.tests.StandAloneTest2" name="submitOrder" time="16.221"/>
  <testcase classname="ashok.selenium.practice.SeleniumFrameworkDesign.tests.StandAloneTest2" name="submitOrder" time="15.482"/>
  <testcase classname="ashok.selenium.practice.SeleniumFrameworkDesign.tests.StandAloneTest2" name="orderHistoryTest" time="0.83"/>
</testsuite> <!-- Submit Order Test -->
