<?xml version="1.0" encoding="UTF-8"?>
<!-- Generated by org.testng.reporters.JUnitXMLReporter -->
<testsuite ignored="0" hostname="AshokMeiyanatha" failures="0" tests="2" name="Error Validation Test" time="28.181" errors="0" timestamp="05 May 2025 03:24:34 GMT">
  <testcase classname="ashok.selenium.practice.SeleniumFrameworkDesign.tests.ErrorValidation" name="loginErrorValidation" time="0.782"/>
  <testcase classname="ashok.selenium.practice.SeleniumFrameworkDesign.tests.ErrorValidation" name="productErrorValidation" time="3.603"/>
</testsuite> <!-- Error Validation Test -->
