<?xml version="1.0" encoding="UTF-8"?>
<!-- Generated by org.testng.reporters.JUnitXMLReporter -->
<testsuite ignored="0" hostname="AshokMeiyanatha" failures="0" tests="3" name="Submit Order Test" time="63.002" errors="0" timestamp="05 May 2025 03:25:09 GMT">
  <testcase classname="ashok.selenium.practice.SeleniumFrameworkDesign.tests.StandAloneTest2" name="submitOrder" time="16.508"/>
  <testcase classname="ashok.selenium.practice.SeleniumFrameworkDesign.tests.StandAloneTest2" name="submitOrder" time="15.832"/>
  <testcase classname="ashok.selenium.practice.SeleniumFrameworkDesign.tests.StandAloneTest2" name="orderHistoryTest" time="1.212"/>
</testsuite> <!-- Submit Order Test -->
