<?xml version="1.0" encoding="UTF-8"?>
<testng-results ignored="0" total="5" passed="5" failed="0" skipped="0">
  <reporter-output>
  </reporter-output>
  <suite started-at="2025-05-05T03:24:06Z" name="Suite" finished-at="2025-05-05T03:25:09Z" duration-ms="63002">
    <groups>
      <group name="Purchase">
        <method signature="StandAloneTest2.submitOrder(java.util.HashMap)[pri:0, instance:ashok.selenium.practice.SeleniumFrameworkDesign.tests.StandAloneTest2@5443d039]" name="submitOrder" class="ashok.selenium.practice.SeleniumFrameworkDesign.tests.StandAloneTest2"/>
      </group> <!-- Purchase -->
      <group name="ErrorHandling">
        <method signature="ErrorValidation.loginErrorValidation()[pri:0, instance:ashok.selenium.practice.SeleniumFrameworkDesign.tests.ErrorValidation@40238dd0]" name="loginErrorValidation" class="ashok.selenium.practice.SeleniumFrameworkDesign.tests.ErrorValidation"/>
      </group> <!-- ErrorHandling -->
    </groups>
    <test started-at="2025-05-05T03:24:06Z" name="Error Validation Test" finished-at="2025-05-05T03:24:34Z" duration-ms="28181">
      <class name="ashok.selenium.practice.SeleniumFrameworkDesign.tests.ErrorValidation">
        <test-method is-config="true" signature="launchApplication()[pri:0, instance:ashok.selenium.practice.SeleniumFrameworkDesign.tests.ErrorValidation@40238dd0]" started-at="2025-05-05T03:24:06Z" name="launchApplication" finished-at="2025-05-05T03:24:19Z" duration-ms="13393" status="PASS">
          <reporter-output>
          </reporter-output>
        </test-method> <!-- launchApplication -->
        <test-method signature="loginErrorValidation()[pri:0, instance:ashok.selenium.practice.SeleniumFrameworkDesign.tests.ErrorValidation@40238dd0]" started-at="2025-05-05T03:24:19Z" name="loginErrorValidation" finished-at="2025-05-05T03:24:20Z" duration-ms="782" status="PASS">
          <reporter-output>
          </reporter-output>
        </test-method> <!-- loginErrorValidation -->
        <test-method is-config="true" signature="tearDown()[pri:0, instance:ashok.selenium.practice.SeleniumFrameworkDesign.tests.ErrorValidation@40238dd0]" started-at="2025-05-05T03:24:20Z" name="tearDown" finished-at="2025-05-05T03:24:20Z" duration-ms="116" status="PASS">
          <reporter-output>
          </reporter-output>
        </test-method> <!-- tearDown -->
        <test-method is-config="true" signature="launchApplication()[pri:0, instance:ashok.selenium.practice.SeleniumFrameworkDesign.tests.ErrorValidation@40238dd0]" started-at="2025-05-05T03:24:20Z" name="launchApplication" finished-at="2025-05-05T03:24:30Z" duration-ms="10168" status="PASS">
          <reporter-output>
          </reporter-output>
        </test-method> <!-- launchApplication -->
        <test-method signature="productErrorValidation()[pri:0, instance:ashok.selenium.practice.SeleniumFrameworkDesign.tests.ErrorValidation@40238dd0]" started-at="2025-05-05T03:24:30Z" name="productErrorValidation" finished-at="2025-05-05T03:24:34Z" duration-ms="3603" status="PASS">
          <reporter-output>
          </reporter-output>
        </test-method> <!-- productErrorValidation -->
        <test-method is-config="true" signature="tearDown()[pri:0, instance:ashok.selenium.practice.SeleniumFrameworkDesign.tests.ErrorValidation@40238dd0]" started-at="2025-05-05T03:24:34Z" name="tearDown" finished-at="2025-05-05T03:24:34Z" duration-ms="88" status="PASS">
          <reporter-output>
          </reporter-output>
        </test-method> <!-- tearDown -->
      </class> <!-- ashok.selenium.practice.SeleniumFrameworkDesign.tests.ErrorValidation -->
    </test> <!-- Error Validation Test -->
    <test started-at="2025-05-05T03:24:06Z" name="Submit Order Test" finished-at="2025-05-05T03:25:09Z" duration-ms="63002">
      <class name="ashok.selenium.practice.SeleniumFrameworkDesign.tests.StandAloneTest2">
        <test-method is-config="true" signature="launchApplication()[pri:0, instance:ashok.selenium.practice.SeleniumFrameworkDesign.tests.StandAloneTest2@5443d039]" started-at="2025-05-05T03:24:06Z" name="launchApplication" finished-at="2025-05-05T03:24:19Z" duration-ms="12900" status="PASS">
          <reporter-output>
          </reporter-output>
        </test-method> <!-- launchApplication -->
        <test-method signature="submitOrder(java.util.HashMap)[pri:0, instance:ashok.selenium.practice.SeleniumFrameworkDesign.tests.StandAloneTest2@5443d039]" started-at="2025-05-05T03:24:19Z" name="submitOrder" data-provider="getData" finished-at="2025-05-05T03:24:36Z" duration-ms="16508" status="PASS">
          <params>
            <param index="0">
              <value>
                <![CDATA[{password=RachelPineBrook1$, product=ZARA COAT 3, email=RachelPineBrook@gmail.com}]]>
              </value>
            </param>
          </params>
          <reporter-output>
          </reporter-output>
        </test-method> <!-- submitOrder -->
        <test-method is-config="true" signature="tearDown()[pri:0, instance:ashok.selenium.practice.SeleniumFrameworkDesign.tests.StandAloneTest2@5443d039]" started-at="2025-05-05T03:24:36Z" name="tearDown" finished-at="2025-05-05T03:24:36Z" duration-ms="75" status="PASS">
          <reporter-output>
          </reporter-output>
        </test-method> <!-- tearDown -->
        <test-method is-config="true" signature="launchApplication()[pri:0, instance:ashok.selenium.practice.SeleniumFrameworkDesign.tests.StandAloneTest2@5443d039]" started-at="2025-05-05T03:24:36Z" name="launchApplication" finished-at="2025-05-05T03:24:43Z" duration-ms="7715" status="PASS">
          <reporter-output>
          </reporter-output>
        </test-method> <!-- launchApplication -->
        <test-method signature="submitOrder(java.util.HashMap)[pri:0, instance:ashok.selenium.practice.SeleniumFrameworkDesign.tests.StandAloneTest2@5443d039]" started-at="2025-05-05T03:24:43Z" name="submitOrder" data-provider="getData" finished-at="2025-05-05T03:24:59Z" duration-ms="15832" status="PASS">
          <params>
            <param index="0">
              <value>
                <![CDATA[{password=RachelPineBrook1$, product=ADIDAS ORIGINAL, email=RachelPineBrook1@gmail.com}]]>
              </value>
            </param>
          </params>
          <reporter-output>
          </reporter-output>
        </test-method> <!-- submitOrder -->
        <test-method is-config="true" signature="tearDown()[pri:0, instance:ashok.selenium.practice.SeleniumFrameworkDesign.tests.StandAloneTest2@5443d039]" started-at="2025-05-05T03:24:59Z" name="tearDown" finished-at="2025-05-05T03:24:59Z" duration-ms="70" status="PASS">
          <reporter-output>
          </reporter-output>
        </test-method> <!-- tearDown -->
        <test-method is-config="true" signature="launchApplication()[pri:0, instance:ashok.selenium.practice.SeleniumFrameworkDesign.tests.StandAloneTest2@5443d039]" started-at="2025-05-05T03:24:59Z" name="launchApplication" finished-at="2025-05-05T03:25:08Z" duration-ms="8330" status="PASS">
          <reporter-output>
          </reporter-output>
        </test-method> <!-- launchApplication -->
        <test-method signature="orderHistoryTest()[pri:0, instance:ashok.selenium.practice.SeleniumFrameworkDesign.tests.StandAloneTest2@5443d039]" started-at="2025-05-05T03:25:08Z" name="orderHistoryTest" finished-at="2025-05-05T03:25:09Z" depends-on-methods="ashok.selenium.practice.SeleniumFrameworkDesign.tests.StandAloneTest2.submitOrder" duration-ms="1212" status="PASS">
          <reporter-output>
          </reporter-output>
        </test-method> <!-- orderHistoryTest -->
        <test-method is-config="true" signature="tearDown()[pri:0, instance:ashok.selenium.practice.SeleniumFrameworkDesign.tests.StandAloneTest2@5443d039]" started-at="2025-05-05T03:25:09Z" name="tearDown" finished-at="2025-05-05T03:25:09Z" duration-ms="112" status="PASS">
          <reporter-output>
          </reporter-output>
        </test-method> <!-- tearDown -->
      </class> <!-- ashok.selenium.practice.SeleniumFrameworkDesign.tests.StandAloneTest2 -->
    </test> <!-- Submit Order Test -->
  </suite> <!-- Suite -->
</testng-results>
